Using pre-set license
Built from '2020.3/staging' branch; Version is '2020.3.5f1 (8095aa901b9b) revision 8426922'; Using compiler version '192528614'; Build Type 'Release'
OS: 'Windows 10 Education; OS build 19044.1288; Version 2009; 64bit' Language: 'en' Physical Memory: 32704 MB
BatchMode: 1, IsHumanControllingUs: 0, StartBugReporterOnCrash: 0, Is64bit: 1, IsPro: 0

 COMMAND LINE ARGUMENTS:
C:\Program Files\Unity\Hub\Editor\2020.3.5f1\Editor\Unity.exe
-adb2
-batchMode
-noUpm
-name
AssetImportWorker0
-projectPath
C:/Users/s191825/Desktop/QuadrapedalCharacterController (3)/QuadrapedalCharacterController
-logFile
Logs/AssetImportWorker0.log
-srvPort
51772
Successfully changed project path to: C:/Users/s191825/Desktop/QuadrapedalCharacterController (3)/QuadrapedalCharacterController
C:/Users/s191825/Desktop/QuadrapedalCharacterController (3)/QuadrapedalCharacterController
Using Asset Import Pipeline V2.
Refreshing native plugins compatible for Editor in 24.53 ms, found 0 plugins.
Preloading 0 native plugins for Editor in 0.00 ms.
Initialize engine version: 2020.3.5f1 (8095aa901b9b)
[Subsystems] Discovering subsystems at path C:/Program Files/Unity/Hub/Editor/2020.3.5f1/Editor/Data/Resources/UnitySubsystems
[Subsystems] Discovering subsystems at path C:/Users/s191825/Desktop/QuadrapedalCharacterController (3)/QuadrapedalCharacterController/Assets
GfxDevice: creating device client; threaded=0
Direct3D:
    Version:  Direct3D 11.0 [level 11.1]
    Renderer: NVIDIA GeForce GTX 960 (ID=0x1401)
    Vendor:   
    VRAM:     4053 MB
    Driver:   30.0.14.9676
Initialize mono
Mono path[0] = 'C:/Program Files/Unity/Hub/Editor/2020.3.5f1/Editor/Data/Managed'
Mono path[1] = 'C:/Program Files/Unity/Hub/Editor/2020.3.5f1/Editor/Data/MonoBleedingEdge/lib/mono/unityjit'
Mono config path = 'C:/Program Files/Unity/Hub/Editor/2020.3.5f1/Editor/Data/MonoBleedingEdge/etc'
Using monoOptions --debugger-agent=transport=dt_socket,embedding=1,server=y,suspend=n,address=127.0.0.1:56028
Begin MonoManager ReloadAssembly
Registering precompiled unity dll's ...
Register platform support module: C:/Program Files/Unity/Hub/Editor/2020.3.5f1/Editor/Data/PlaybackEngines/WebGLSupport/UnityEditor.WebGL.Extensions.dll
Register platform support module: C:/Program Files/Unity/Hub/Editor/2020.3.5f1/Editor/Data/PlaybackEngines/WindowsStandaloneSupport/UnityEditor.WindowsStandalone.Extensions.dll
Registered in 0.002382 seconds.
Native extension for WindowsStandalone target not found
Native extension for WebGL target not found
Refreshing native plugins compatible for Editor in 24.62 ms, found 0 plugins.
Preloading 0 native plugins for Editor in 0.00 ms.
Mono: successfully reloaded assembly
- Completed reload, in  2.287 seconds
Platform modules already initialized, skipping
Registering precompiled user dll's ...
Registered in 0.000715 seconds.
Begin MonoManager ReloadAssembly
Native extension for WindowsStandalone target not found
Native extension for WebGL target not found
Refreshing native plugins compatible for Editor in 0.26 ms, found 0 plugins.
Preloading 0 native plugins for Editor in 0.00 ms.
Mono: successfully reloaded assembly
- Completed reload, in  0.916 seconds
Platform modules already initialized, skipping
========================================================================
Worker process is ready to serve import requests
Launched and connected shader compiler UnityShaderCompiler.exe after 0.05 seconds
Refreshing native plugins compatible for Editor in 0.22 ms, found 0 plugins.
Preloading 0 native plugins for Editor in 0.00 ms.
Unloading 1120 Unused Serialized files (Serialized files now loaded: 0)
System memory in use before: 57.5 MB.
System memory in use after: 57.5 MB.

Unloading 9 unused Assets to reduce memory usage. Loaded Objects now: 1563.
Total: 3.283100 ms (FindLiveObjects: 0.249200 ms CreateObjectMapping: 0.102900 ms MarkObjects: 2.842800 ms  DeleteObjects: 0.086400 ms)

========================================================================
Received Import Request.
  path: Assets/Scenes
  artifactKey: Guid(5187ea8b6138ae146b74975640989dcb) Importer(815301076,1909f56bfc062723c751e8b465ee728b)
Start importing Assets/Scenes using Guid(5187ea8b6138ae146b74975640989dcb) Importer(815301076,1909f56bfc062723c751e8b465ee728b)  -> (artifact id: 'e94834475aa0c90aa0ed9e7e03f20d19') in 0.007645 seconds
  Import took 0.009473 seconds .

========================================================================
Received Import Request.
  Time since last request: 0.000277 seconds.
  path: Assets/Scenes/SampleScene.unity
  artifactKey: Guid(9fc0d4010bbf28b4594072e72b8655ab) Importer(815301076,1909f56bfc062723c751e8b465ee728b)
Start importing Assets/Scenes/SampleScene.unity using Guid(9fc0d4010bbf28b4594072e72b8655ab) Importer(815301076,1909f56bfc062723c751e8b465ee728b)  -> (artifact id: 'd79d4491ad21bc09c3bc9bf96d8bcfe8') in 0.012764 seconds
  Import took 0.014566 seconds .

========================================================================
Received Prepare
Refreshing native plugins compatible for Editor in 0.73 ms, found 0 plugins.
Preloading 0 native plugins for Editor in 0.00 ms.
Unloading 2 Unused Serialized files (Serialized files now loaded: 0)
System memory in use before: 34.7 MB.
System memory in use after: 34.8 MB.

Unloading 2 unused Assets to reduce memory usage. Loaded Objects now: 1563.
Total: 2.000500 ms (FindLiveObjects: 0.132300 ms CreateObjectMapping: 0.033000 ms MarkObjects: 1.822100 ms  DeleteObjects: 0.012100 ms)

========================================================================
Received Prepare
Refreshing native plugins compatible for Editor in 0.64 ms, found 0 plugins.
Preloading 0 native plugins for Editor in 0.00 ms.
Unloading 2 Unused Serialized files (Serialized files now loaded: 0)
System memory in use before: 34.7 MB.
System memory in use after: 34.8 MB.

Unloading 2 unused Assets to reduce memory usage. Loaded Objects now: 1563.
Total: 2.187300 ms (FindLiveObjects: 0.213700 ms CreateObjectMapping: 0.045600 ms MarkObjects: 1.912700 ms  DeleteObjects: 0.014000 ms)

========================================================================
Received Prepare
Registering precompiled user dll's ...
Registered in 0.000857 seconds.
Begin MonoManager ReloadAssembly
Native extension for WindowsStandalone target not found
Native extension for WebGL target not found
Refreshing native plugins compatible for Editor in 0.26 ms, found 0 plugins.
Preloading 0 native plugins for Editor in 0.00 ms.
Mono: successfully reloaded assembly
- Completed reload, in  0.747 seconds
Platform modules already initialized, skipping
Refreshing native plugins compatible for Editor in 0.24 ms, found 0 plugins.
Preloading 0 native plugins for Editor in 0.00 ms.
Unloading 1114 Unused Serialized files (Serialized files now loaded: 0)
System memory in use before: 57.3 MB.
System memory in use after: 57.4 MB.

Unloading 4 unused Assets to reduce memory usage. Loaded Objects now: 1566.
Total: 1.909300 ms (FindLiveObjects: 0.158200 ms CreateObjectMapping: 0.042400 ms MarkObjects: 1.682000 ms  DeleteObjects: 0.025300 ms)

========================================================================
Received Prepare
Registering precompiled user dll's ...
Registered in 0.000800 seconds.
Begin MonoManager ReloadAssembly
Native extension for WindowsStandalone target not found
Native extension for WebGL target not found
Refreshing native plugins compatible for Editor in 0.19 ms, found 0 plugins.
Preloading 0 native plugins for Editor in 0.00 ms.
Mono: successfully reloaded assembly
- Completed reload, in  0.720 seconds
Platform modules already initialized, skipping
Refreshing native plugins compatible for Editor in 0.23 ms, found 0 plugins.
Preloading 0 native plugins for Editor in 0.00 ms.
Unloading 1114 Unused Serialized files (Serialized files now loaded: 0)
System memory in use before: 57.4 MB.
System memory in use after: 57.5 MB.

Unloading 4 unused Assets to reduce memory usage. Loaded Objects now: 1569.
Total: 4.208900 ms (FindLiveObjects: 0.129700 ms CreateObjectMapping: 0.035200 ms MarkObjects: 4.020100 ms  DeleteObjects: 0.022400 ms)

========================================================================
Received Import Request.
  Time since last request: 413.069400 seconds.
  path: Assets/Scripts
  artifactKey: Guid(3324d35832bfbac418fdd956d70ea3e5) Importer(815301076,1909f56bfc062723c751e8b465ee728b)
Start importing Assets/Scripts using Guid(3324d35832bfbac418fdd956d70ea3e5) Importer(815301076,1909f56bfc062723c751e8b465ee728b)  -> (artifact id: '14bf4cc209207bab2deaea11ad594ecb') in 0.009260 seconds
  Import took 0.011455 seconds .

========================================================================
Received Import Request.
  Time since last request: 0.000605 seconds.
  path: Assets/Scripts
  artifactKey: Guid(3324d35832bfbac418fdd956d70ea3e5) Importer(815301076,1909f56bfc062723c751e8b465ee728b)
Start importing Assets/Scripts using Guid(3324d35832bfbac418fdd956d70ea3e5) Importer(815301076,1909f56bfc062723c751e8b465ee728b)  -> (artifact id: '14bf4cc209207bab2deaea11ad594ecb') in 0.002901 seconds
  Import took 0.005209 seconds .

========================================================================
Received Import Request.
  Time since last request: 0.859589 seconds.
  path: Assets/Scripts/QuadrapedalCC.cs
  artifactKey: Guid(c96aedc1a50e76841aa58c92e249347a) Importer(815301076,1909f56bfc062723c751e8b465ee728b)
Start importing Assets/Scripts/QuadrapedalCC.cs using Guid(c96aedc1a50e76841aa58c92e249347a) Importer(815301076,1909f56bfc062723c751e8b465ee728b)  -> (artifact id: '5b7cdd82422ddb022ab839932581bfa2') in 0.035717 seconds
  Import took 0.037475 seconds .

========================================================================
Received Prepare
Registering precompiled user dll's ...
Registered in 0.000731 seconds.
Begin MonoManager ReloadAssembly
Native extension for WindowsStandalone target not found
Native extension for WebGL target not found
Refreshing native plugins compatible for Editor in 0.21 ms, found 0 plugins.
Preloading 0 native plugins for Editor in 0.00 ms.
Mono: successfully reloaded assembly
- Completed reload, in  0.891 seconds
Platform modules already initialized, skipping
Refreshing native plugins compatible for Editor in 0.26 ms, found 0 plugins.
Preloading 0 native plugins for Editor in 0.00 ms.
Unloading 1114 Unused Serialized files (Serialized files now loaded: 0)
System memory in use before: 57.4 MB.
System memory in use after: 57.5 MB.

Unloading 4 unused Assets to reduce memory usage. Loaded Objects now: 1572.
Total: 1.797600 ms (FindLiveObjects: 0.254200 ms CreateObjectMapping: 0.072500 ms MarkObjects: 1.454300 ms  DeleteObjects: 0.015000 ms)

========================================================================
Received Import Request.
  Time since last request: 105.917919 seconds.
  path: Assets/Fox/FBXs/Fox.fbx
  artifactKey: Guid(91e4778cdfb185d4d9bfe81556dc4333) Importer(815301076,1909f56bfc062723c751e8b465ee728b)
Start importing Assets/Fox/FBXs/Fox.fbx using Guid(91e4778cdfb185d4d9bfe81556dc4333) Importer(815301076,1909f56bfc062723c751e8b465ee728b)  -> (artifact id: '6985472e97eca1869681ce80d03fa9cb') in 0.228660 seconds
  Import took 0.231433 seconds .

========================================================================
Received Import Request.
  Time since last request: 0.000257 seconds.
  path: Assets/Fox/FBXs/FoxRotation.mask
  artifactKey: Guid(e2883cd149b1f0741a5d0465453cd312) Importer(815301076,1909f56bfc062723c751e8b465ee728b)
Start importing Assets/Fox/FBXs/FoxRotation.mask using Guid(e2883cd149b1f0741a5d0465453cd312) Importer(815301076,1909f56bfc062723c751e8b465ee728b)  -> (artifact id: '4d01e2be301dfc3fbee4f132688ae356') in 0.009026 seconds
  Import took 0.011080 seconds .

========================================================================
Received Import Request.
  Time since last request: 0.000250 seconds.
  path: Assets/Fox/FBXs/Fox.fbx
  artifactKey: Guid(91e4778cdfb185d4d9bfe81556dc4333) Importer(815301076,1909f56bfc062723c751e8b465ee728b)
Start importing Assets/Fox/FBXs/Fox.fbx using Guid(91e4778cdfb185d4d9bfe81556dc4333) Importer(815301076,1909f56bfc062723c751e8b465ee728b)  -> (artifact id: '6985472e97eca1869681ce80d03fa9cb') in 0.047129 seconds
  Import took 0.049371 seconds .

========================================================================
Received Import Request.
  Time since last request: 0.000216 seconds.
  path: Assets/Fox/FBXs/FoxMovement.mask
  artifactKey: Guid(49ffb90ea48f3734fa0a3f5995496bc0) Importer(815301076,1909f56bfc062723c751e8b465ee728b)
Start importing Assets/Fox/FBXs/FoxMovement.mask using Guid(49ffb90ea48f3734fa0a3f5995496bc0) Importer(815301076,1909f56bfc062723c751e8b465ee728b)  -> (artifact id: '62307e0ed7a81cfa2a082d204f6d2568') in 0.006502 seconds
  Import took 0.008266 seconds .

========================================================================
Received Import Request.
  Time since last request: 19.952774 seconds.
  path: Assets/Fox/FBXs/Fox.fbx
  artifactKey: Guid(91e4778cdfb185d4d9bfe81556dc4333) Importer(815301076,1909f56bfc062723c751e8b465ee728b)
Start importing Assets/Fox/FBXs/Fox.fbx using Guid(91e4778cdfb185d4d9bfe81556dc4333) Importer(815301076,1909f56bfc062723c751e8b465ee728b)  -> (artifact id: 'c53e4431c3a3ed8f8a1eab45b3c441bc') in 0.031511 seconds
  Import took 0.033909 seconds .

========================================================================
Received Prepare
Registering precompiled user dll's ...
Registered in 0.000613 seconds.
Begin MonoManager ReloadAssembly
Native extension for WindowsStandalone target not found
Native extension for WebGL target not found
Refreshing native plugins compatible for Editor in 0.27 ms, found 0 plugins.
Preloading 0 native plugins for Editor in 0.00 ms.
Mono: successfully reloaded assembly
- Completed reload, in  0.756 seconds
Platform modules already initialized, skipping
Refreshing native plugins compatible for Editor in 0.34 ms, found 0 plugins.
Preloading 0 native plugins for Editor in 0.00 ms.
Unloading 1114 Unused Serialized files (Serialized files now loaded: 0)
System memory in use before: 74.7 MB.
System memory in use after: 74.8 MB.

Unloading 4 unused Assets to reduce memory usage. Loaded Objects now: 1587.
Total: 3.084300 ms (FindLiveObjects: 0.661900 ms CreateObjectMapping: 0.079400 ms MarkObjects: 2.320500 ms  DeleteObjects: 0.020700 ms)

========================================================================
Received Prepare
Refreshing native plugins compatible for Editor in 0.71 ms, found 0 plugins.
Preloading 0 native plugins for Editor in 0.00 ms.
Unloading 2 Unused Serialized files (Serialized files now loaded: 0)
System memory in use before: 52.2 MB.
System memory in use after: 52.4 MB.

Unloading 2 unused Assets to reduce memory usage. Loaded Objects now: 1587.
Total: 1.965900 ms (FindLiveObjects: 0.205700 ms CreateObjectMapping: 0.050900 ms MarkObjects: 1.684200 ms  DeleteObjects: 0.024200 ms)

========================================================================
Received Import Request.
  Time since last request: 43.093884 seconds.
  path: Assets/Fox/FBXs/Fox.fbx
  artifactKey: Guid(91e4778cdfb185d4d9bfe81556dc4333) Importer(815301076,1909f56bfc062723c751e8b465ee728b)
Start importing Assets/Fox/FBXs/Fox.fbx using Guid(91e4778cdfb185d4d9bfe81556dc4333) Importer(815301076,1909f56bfc062723c751e8b465ee728b)  -> (artifact id: 'e90090472fcf8ed3edab4c6435fde7c2') in 0.091777 seconds
  Import took 0.094182 seconds .

========================================================================
Received Prepare
Registering precompiled user dll's ...
Registered in 0.000656 seconds.
Begin MonoManager ReloadAssembly
Native extension for WindowsStandalone target not found
Native extension for WebGL target not found
Refreshing native plugins compatible for Editor in 0.21 ms, found 0 plugins.
Preloading 0 native plugins for Editor in 0.00 ms.
Mono: successfully reloaded assembly
- Completed reload, in  0.804 seconds
Platform modules already initialized, skipping
Refreshing native plugins compatible for Editor in 0.21 ms, found 0 plugins.
Preloading 0 native plugins for Editor in 0.00 ms.
Unloading 1114 Unused Serialized files (Serialized files now loaded: 0)
System memory in use before: 74.7 MB.
System memory in use after: 74.8 MB.

Unloading 4 unused Assets to reduce memory usage. Loaded Objects now: 1591.
Total: 1.691800 ms (FindLiveObjects: 0.242700 ms CreateObjectMapping: 0.052600 ms MarkObjects: 1.380100 ms  DeleteObjects: 0.015200 ms)

========================================================================
Received Prepare
Registering precompiled user dll's ...
Registered in 0.000754 seconds.
Begin MonoManager ReloadAssembly
Native extension for WindowsStandalone target not found
Native extension for WebGL target not found
Refreshing native plugins compatible for Editor in 0.22 ms, found 0 plugins.
Preloading 0 native plugins for Editor in 0.00 ms.
Mono: successfully reloaded assembly
- Completed reload, in  1.384 seconds
Platform modules already initialized, skipping
Refreshing native plugins compatible for Editor in 0.20 ms, found 0 plugins.
Preloading 0 native plugins for Editor in 0.00 ms.
Unloading 1114 Unused Serialized files (Serialized files now loaded: 0)
System memory in use before: 74.7 MB.
System memory in use after: 74.8 MB.

Unloading 4 unused Assets to reduce memory usage. Loaded Objects now: 1594.
Total: 1.966000 ms (FindLiveObjects: 0.454000 ms CreateObjectMapping: 0.080200 ms MarkObjects: 1.411200 ms  DeleteObjects: 0.017700 ms)

========================================================================
Received Prepare
Refreshing native plugins compatible for Editor in 1.05 ms, found 0 plugins.
Preloading 0 native plugins for Editor in 0.00 ms.
Unloading 2 Unused Serialized files (Serialized files now loaded: 0)
System memory in use before: 52.3 MB.
System memory in use after: 52.4 MB.

Unloading 2 unused Assets to reduce memory usage. Loaded Objects now: 1594.
Total: 2.062000 ms (FindLiveObjects: 0.248400 ms CreateObjectMapping: 0.057100 ms MarkObjects: 1.739800 ms  DeleteObjects: 0.014800 ms)

========================================================================
Received Prepare
Registering precompiled user dll's ...
Registered in 0.000759 seconds.
Begin MonoManager ReloadAssembly
Native extension for WindowsStandalone target not found
Native extension for WebGL target not found
Refreshing native plugins compatible for Editor in 0.20 ms, found 0 plugins.
Preloading 0 native plugins for Editor in 0.00 ms.
Mono: successfully reloaded assembly
- Completed reload, in  0.745 seconds
Platform modules already initialized, skipping
Refreshing native plugins compatible for Editor in 0.33 ms, found 0 plugins.
Preloading 0 native plugins for Editor in 0.00 ms.
Unloading 1114 Unused Serialized files (Serialized files now loaded: 0)
System memory in use before: 74.7 MB.
System memory in use after: 74.8 MB.

Unloading 4 unused Assets to reduce memory usage. Loaded Objects now: 1597.
Total: 2.590700 ms (FindLiveObjects: 0.201600 ms CreateObjectMapping: 0.071300 ms MarkObjects: 2.296700 ms  DeleteObjects: 0.019200 ms)

========================================================================
Received Prepare
Refreshing native plugins compatible for Editor in 0.87 ms, found 0 plugins.
Preloading 0 native plugins for Editor in 0.00 ms.
Unloading 2 Unused Serialized files (Serialized files now loaded: 0)
System memory in use before: 52.3 MB.
System memory in use after: 52.4 MB.

Unloading 2 unused Assets to reduce memory usage. Loaded Objects now: 1597.
Total: 2.374100 ms (FindLiveObjects: 0.247700 ms CreateObjectMapping: 0.065000 ms MarkObjects: 2.030800 ms  DeleteObjects: 0.028700 ms)

========================================================================
Received Prepare
Registering precompiled user dll's ...
Registered in 0.000721 seconds.
Begin MonoManager ReloadAssembly
Native extension for WindowsStandalone target not found
Native extension for WebGL target not found
Refreshing native plugins compatible for Editor in 0.23 ms, found 0 plugins.
Preloading 0 native plugins for Editor in 0.00 ms.
Mono: successfully reloaded assembly
- Completed reload, in  0.751 seconds
Platform modules already initialized, skipping
Refreshing native plugins compatible for Editor in 0.21 ms, found 0 plugins.
Preloading 0 native plugins for Editor in 0.00 ms.
Unloading 1114 Unused Serialized files (Serialized files now loaded: 0)
System memory in use before: 74.7 MB.
System memory in use after: 74.8 MB.

Unloading 4 unused Assets to reduce memory usage. Loaded Objects now: 1600.
Total: 1.643800 ms (FindLiveObjects: 0.141400 ms CreateObjectMapping: 0.037800 ms MarkObjects: 1.449400 ms  DeleteObjects: 0.014000 ms)

========================================================================
Received Prepare
Registering precompiled user dll's ...
Registered in 0.000671 seconds.
Begin MonoManager ReloadAssembly
Native extension for WindowsStandalone target not found
Native extension for WebGL target not found
Refreshing native plugins compatible for Editor in 0.20 ms, found 0 plugins.
Preloading 0 native plugins for Editor in 0.00 ms.
Mono: successfully reloaded assembly
- Completed reload, in  0.752 seconds
Platform modules already initialized, skipping
Refreshing native plugins compatible for Editor in 0.22 ms, found 0 plugins.
Preloading 0 native plugins for Editor in 0.00 ms.
Unloading 1114 Unused Serialized files (Serialized files now loaded: 0)
System memory in use before: 74.7 MB.
System memory in use after: 74.8 MB.

Unloading 4 unused Assets to reduce memory usage. Loaded Objects now: 1603.
Total: 1.738100 ms (FindLiveObjects: 0.247400 ms CreateObjectMapping: 0.058200 ms MarkObjects: 1.389600 ms  DeleteObjects: 0.041800 ms)

========================================================================
Received Prepare
Registering precompiled user dll's ...
Registered in 0.000642 seconds.
Begin MonoManager ReloadAssembly
Native extension for WindowsStandalone target not found
Native extension for WebGL target not found
Refreshing native plugins compatible for Editor in 0.21 ms, found 0 plugins.
Preloading 0 native plugins for Editor in 0.00 ms.
Mono: successfully reloaded assembly
- Completed reload, in  1.423 seconds
Platform modules already initialized, skipping
Refreshing native plugins compatible for Editor in 0.36 ms, found 0 plugins.
Preloading 0 native plugins for Editor in 0.00 ms.
Unloading 1114 Unused Serialized files (Serialized files now loaded: 0)
System memory in use before: 74.7 MB.
System memory in use after: 74.8 MB.

Unloading 4 unused Assets to reduce memory usage. Loaded Objects now: 1606.
Total: 1.713000 ms (FindLiveObjects: 0.299500 ms CreateObjectMapping: 0.059800 ms MarkObjects: 1.335900 ms  DeleteObjects: 0.015700 ms)

========================================================================
Received Prepare
Refreshing native plugins compatible for Editor in 0.68 ms, found 0 plugins.
Preloading 0 native plugins for Editor in 0.00 ms.
Unloading 2 Unused Serialized files (Serialized files now loaded: 0)
System memory in use before: 52.3 MB.
System memory in use after: 52.4 MB.

Unloading 2 unused Assets to reduce memory usage. Loaded Objects now: 1606.
Total: 2.080400 ms (FindLiveObjects: 0.224100 ms CreateObjectMapping: 0.099400 ms MarkObjects: 1.728200 ms  DeleteObjects: 0.026800 ms)

========================================================================
Received Prepare
Registering precompiled user dll's ...
Registered in 0.000682 seconds.
Begin MonoManager ReloadAssembly
Native extension for WindowsStandalone target not found
Native extension for WebGL target not found
Refreshing native plugins compatible for Editor in 0.20 ms, found 0 plugins.
Preloading 0 native plugins for Editor in 0.00 ms.
Mono: successfully reloaded assembly
- Completed reload, in  0.779 seconds
Platform modules already initialized, skipping
Refreshing native plugins compatible for Editor in 0.21 ms, found 0 plugins.
Preloading 0 native plugins for Editor in 0.00 ms.
Unloading 1114 Unused Serialized files (Serialized files now loaded: 0)
System memory in use before: 74.7 MB.
System memory in use after: 74.8 MB.

Unloading 4 unused Assets to reduce memory usage. Loaded Objects now: 1609.
Total: 1.847900 ms (FindLiveObjects: 0.272400 ms CreateObjectMapping: 0.070700 ms MarkObjects: 1.485800 ms  DeleteObjects: 0.017400 ms)

========================================================================
Received Prepare
Refreshing native plugins compatible for Editor in 0.82 ms, found 0 plugins.
Preloading 0 native plugins for Editor in 0.00 ms.
Unloading 2 Unused Serialized files (Serialized files now loaded: 0)
System memory in use before: 52.3 MB.
System memory in use after: 52.4 MB.

Unloading 2 unused Assets to reduce memory usage. Loaded Objects now: 1609.
Total: 1.917600 ms (FindLiveObjects: 0.154700 ms CreateObjectMapping: 0.030000 ms MarkObjects: 1.703900 ms  DeleteObjects: 0.027800 ms)

========================================================================
Received Prepare
Refreshing native plugins compatible for Editor in 0.68 ms, found 0 plugins.
Preloading 0 native plugins for Editor in 0.00 ms.
Unloading 2 Unused Serialized files (Serialized files now loaded: 0)
System memory in use before: 52.3 MB.
System memory in use after: 52.4 MB.

Unloading 2 unused Assets to reduce memory usage. Loaded Objects now: 1609.
Total: 2.411900 ms (FindLiveObjects: 0.197100 ms CreateObjectMapping: 0.060500 ms MarkObjects: 2.108900 ms  DeleteObjects: 0.043600 ms)

AssetImportWorkerClient::OnTransportError - code=2 error=End of file
